********************************************************************************
DUPLICATOR-LITE PACKAGE-LOG: April 29, 2019 6:01 am
NOTICE: Do NOT post to public sites or forums 
********************************************************************************
VERSION:	1.3.10
WORDPRESS:	5.1.1
PHP INFO:	7.2.13 | SAPI: fpm-fcgi
SERVER:		Apache 
PHP TIME LIMIT: (0) no time limit imposed 
PHP MAX MEMORY: 4294967296 (128M default) 
MEMORY STACK: 2MB 

********************************************************************************
DATABASE:
********************************************************************************
BUILD MODE:   MYSQLDUMP
MYSQLTIMEOUT: 5000
MYSQLDUMP:    Is Supported 
SQL CREATED: 20190429_whenitreallymatters_7d01f4d4c70961b25395_20190429060018_database.sql 
SQL FILE SIZE: 5MB (5239735) 
SQL FILE TIME: 2019-04-29 06:01:03 
SQL RUNTIME: 0.66 sec. 

******************************************************************************** 
ARCHIVE (ZIP): 
******************************************************************************** 
ARCHIVE DIR:  /opt/bitnami/apps/wordpress/htdocs 
ARCHIVE FILE: 20190429_whenitreallymatters_7d01f4d4c70961b25395_20190429060018_archive.zip 
FILTERS: *OFF* 
DIRS:
	not set 
FILES:
	not set 
EXTS:  not set 
---------------------------------------- 
COMPRESSING 
SIZE:	296.05MB 
STATS:	Dirs 3,372 | Files 14,148 
SQL ADDED: 20190429_whenitreallymatters_7d01f4d4c70961b25395_20190429060018_database.sql 
ZipArchive Object
(
    [status] => 0
    [statusSys] => 0
    [numFiles] => 17520
    [filename] => /opt/bitnami/apps/wordpress/htdocs/wp-snapshots/tmp/20190429_whenitreallymatters_7d01f4d4c70961b25395_20190429060018_archive.zip
    [comment] => 
)
 
FILE ADDED TO ZIP: 17519 
COMPRESSION RESULT: '1' 
COMPRESSED SIZE: 141.05MB 
ARCHIVE RUNTIME: 46.34 sec. 
MEMORY STACK: 6.27MB 
building installer 
add_extra_files1 
add_extra_files2 
add_extra_files3 
add_extra_files4 
Doing archive file check 
add_extra_files5 
add_extra_files6 
add_extra_files8 
Successfully opened zip /opt/bitnami/apps/wordpress/htdocs/wp-snapshots/tmp/20190429_whenitreallymatters_7d01f4d4c70961b25395_20190429060018_archive.zip 
Adding enhanced installer files to archive using ZipArchive 
Installer files added to archive 
Added to archive 
After ziparchive close when adding installer 

******************************************************************************** 
INTEGRITY CHECKS: 
******************************************************************************** 
SQL FILE: 5MB 
INSTALLER FILE: 207.33KB 
ARCHIVE FILE: 142.1MB  
EXPECTED FILE/DIRECTORY COUNT: 17,520 
ACTUAL FILE/DIRECTORY COUNT: 17,519 
ARCHIVE CONSISTENCY TEST: Pass 

********************************************************************************
RECORD ID:[1]
TOTAL PROCESS RUNTIME: 49.22 sec.
PEAK PHP MEMORY USED: 10.27MB
DONE PROCESSING => 20190429_whenitreallymatters April 29, 2019 6:01 am
 
