********************************************************************************
DUPLICATOR-LITE PACKAGE-LOG: May 6, 2019 9:27 am
NOTICE: Do NOT post to public sites or forums 
********************************************************************************
VERSION:	1.3.10
WORDPRESS:	5.1.1
PHP INFO:	7.2.13 | SAPI: fpm-fcgi
SERVER:		Apache 
PHP TIME LIMIT: (0) no time limit imposed 
PHP MAX MEMORY: 4294967296 (128M default) 
MEMORY STACK: 2MB 

********************************************************************************
DATABASE:
********************************************************************************
BUILD MODE:   MYSQLDUMP
MYSQLTIMEOUT: 5000
MYSQLDUMP:    Is Supported 
SQL CREATED: 20190429_whenitreallymatters_dd092fd6d530995e2641_20190506092721_database.sql 
SQL FILE SIZE: 9.68MB (10153639) 
SQL FILE TIME: 2019-05-06 09:27:41 
SQL RUNTIME: 1.34 sec. 

******************************************************************************** 
ARCHIVE (ZIP): 
******************************************************************************** 
ARCHIVE DIR:  /opt/bitnami/apps/wordpress/htdocs 
ARCHIVE FILE: 20190429_whenitreallymatters_dd092fd6d530995e2641_20190506092721_archive.zip 
FILTERS: *OFF* 
DIRS:
	not set 
FILES:
	not set 
EXTS:  not set 
---------------------------------------- 
COMPRESSING 
SIZE:	307.18MB 
STATS:	Dirs 3,284 | Files 14,016 
SQL ADDED: 20190429_whenitreallymatters_dd092fd6d530995e2641_20190506092721_database.sql 
ZipArchive Object
(
    [status] => 0
    [statusSys] => 0
    [numFiles] => 17300
    [filename] => /opt/bitnami/apps/wordpress/htdocs/wp-snapshots/tmp/20190429_whenitreallymatters_dd092fd6d530995e2641_20190506092721_archive.zip
    [comment] => 
)
 
FILE ADDED TO ZIP: 17299 

==================================================================================
DUPLICATOR ERROR
Please try again! If the error persists see the Duplicator 'Help' menu.
---------------------------------------------------------------------------------
MESSAGE:
	ZipArchive close failure.
DETAILS:
	The ZipArchive engine is having issues zipping up the files on this server. For more details visit the FAQ
I'm getting a ZipArchive close failure when building. How can I resolve this?
[https://snapcreek.com/duplicator/docs/faqs-tech/#faq-package-165-q]
TRACE:
	 1. class.pack.archive.zip.php : Error (198)
	 2. class.pack.archive.php : create (99)
	 3. class.pack.php : build (1051)
	 4. ctrl.package.php : runZipBuild (75)
	 5. class-wp-hook.php : duplicator_package_build (286)
	 6. class-wp-hook.php : apply_filters (310)
	 7. plugin.php : do_action (465)
	 8. admin-ajax.php : do_action (167)
==================================================================================

building installer 
add_extra_files1 

==================================================================================
DUPLICATOR ERROR
Please try again! If the error persists see the Duplicator 'Help' menu.
---------------------------------------------------------------------------------
MESSAGE:
	Installer /opt/bitnami/apps/wordpress/htdocs/wp-snapshots/tmp/20190429_whenitreallymatters_dd092fd6d530995e2641_20190506092721_installer.php not present
TRACE:
	 1. class.pack.installer.php : Error (195)
	 2. class.pack.installer.php : add_extra_files (43)
	 3. class.pack.php : build (1052)
	 4. ctrl.package.php : runZipBuild (75)
	 5. class-wp-hook.php : duplicator_package_build (286)
	 6. class-wp-hook.php : apply_filters (310)
	 7. plugin.php : do_action (465)
	 8. admin-ajax.php : do_action (167)
==================================================================================


==================================================================================
DUPLICATOR ERROR
Please try again! If the error persists see the Duplicator 'Help' menu.
---------------------------------------------------------------------------------
MESSAGE:
	Error adding installer
DETAILS:
	Marking build progress as failed because couldn't add installer files
TRACE:
	 1. class.pack.installer.php : Error (57)
	 2. class.pack.php : build (1052)
	 3. ctrl.package.php : runZipBuild (75)
	 4. class-wp-hook.php : duplicator_package_build (286)
	 5. class-wp-hook.php : apply_filters (310)
	 6. plugin.php : do_action (465)
	 7. admin-ajax.php : do_action (167)
==================================================================================

